<?xml version="1.0" encoding="UTF-8"?>
<!-- Generated by org.testng.reporters.JUnitReportReporter -->
<testsuite hostname="Devil" failures="0" tests="6" name="automationScripts.AmazonFeatureTests" time="13.288" errors="0" timestamp="2022-12-03T11:44:20 IST" skipped="2">
  <testcase classname="automationScripts.AmazonFeatureTests" name="verifyTitleOfThePage" time="0.023"/>
  <system-out/>
  <testcase classname="automationScripts.AmazonFeatureTests" name="searchProduct" time="7.753"/>
  <system-out/>
  <testcase classname="automationScripts.AmazonFeatureTests" name="getNthProduct" time="0.074"/>
  <system-out/>
  <testcase classname="automationScripts.AmazonFeatureTests" name="getAllProductsViaScrollDownUsingJS" time="5.438"/>
  <system-out/>
  <testcase classname="automationScripts.AmazonFeatureTests" name="searchAllProductsViaScrollDown">
    <skipped/>
  </testcase> <!-- searchAllProductsViaScrollDown -->
  <system-out/>
  <testcase classname="automationScripts.AmazonFeatureTests" name="getAllProducts">
    <skipped/>
  </testcase> <!-- getAllProducts -->
  <system-out/>
</testsuite> <!-- automationScripts.AmazonFeatureTests -->
